Arguments: 
  /usr/local/bin/node /usr/local/bin/yarn add react

PATH: 
  /Users/TJ/bin/Sencha/Cmd:/usr/local/bin:/usr/bin:/bin:/usr/sbin:/sbin:/Library/Frameworks/Mono.framework/Versions/Current/Commands:/usr/local/git/bin

Yarn version: 
  1.1.0

Node version: 
  8.4.0

Platform: 
  darwin x64

npm manifest: 
  {
    "name": "todo",
    "version": "1.0.0",
    "main": "index.js",
    "author": "TJ",
    "license": "MIT",
    "scripts": {
      "build": "webpack",
      "dev": "webpack-dev-server --devtool eval --progress --colors --content-base build"
    },
    "dependencies": {
      "babel-core": "^6.26.0",
      "babel-loader": "^7.1.2",
      "babel-preset-env": "^1.6.0",
      "babel-preset-react": "^6.24.1",
      // "react": "^15.6.2",
      "react-dom": "^15.6.2",
      "webpack": "^3.6.0"
    }
  }

yarn manifest: 
  No manifest

Lockfile: 
  No lockfile

Trace: 
  SyntaxError: /Users/TJ/git/react/package.json: Unexpected token / in JSON at position 388
      at JSON.parse (<anonymous>)
      at /Users/TJ/.config/yarn/global/node_modules/yarn/lib/cli.js:764:59
      at Generator.next (<anonymous>)
      at step (/Users/TJ/.config/yarn/global/node_modules/yarn/lib/cli.js:92:30)
      at /Users/TJ/.config/yarn/global/node_modules/yarn/lib/cli.js:103:13
      at <anonymous>
